{"/Users/Mac/Desktop/Homework/8_les_Containers/8-2_map/src/js/ErrorRepository.js": {"path":"/Users/Mac/Desktop/Homework/8_les_Containers/8-2_map/src/js/ErrorRepository.js","statementMap":{"0":{"start":{"line":1,"column":20},"end":{"line":9,"column":2}},"1":{"start":{"line":13,"column":4},"end":{"line":18,"column":5}},"2":{"start":{"line":14,"column":6},"end":{"line":14,"column":40}},"3":{"start":{"line":16,"column":23},"end":{"line":16,"column":38}},"4":{"start":{"line":17,"column":6},"end":{"line":17,"column":22}}},"fnMap":{"0":{"name":"(anonymous_0)","decl":{"start":{"line":12,"column":2},"end":{"line":12,"column":3}},"loc":{"start":{"line":12,"column":28},"end":{"line":19,"column":3}},"line":12}},"branchMap":{"0":{"loc":{"start":{"line":13,"column":4},"end":{"line":18,"column":5}},"type":"if","locations":[{"start":{"line":13,"column":4},"end":{"line":18,"column":5}},{"start":{"line":13,"column":4},"end":{"line":18,"column":5}}],"line":13}},"s":{"0":1,"1":2,"2":1,"3":1,"4":1},"f":{"0":2},"b":{"0":[1,1]},"_coverageSchema":"43e27e138ebf9cfc5966b082cf9a028302ed4184","hash":"c472530793b6f9c27333962e74d1b83d9091e91c"}
}
